1527545033720	geckodriver	INFO	geckodriver 0.20.1
1527545033891	geckodriver	INFO	Listening on 127.0.0.1:55507
1527545034689	mozrunner::runner	INFO	Running command: "/Applications/Firefox.app/Contents/MacOS/firefox-bin" "-marionette" "-profile" "/var/folders/yd/_r5zqd3n3vlbbw9hlxgsjt5m0000gn/T/rust_mozprofile.nkzt6qao7aID"
1527545035706	Marionette	INFO	Enabled via --marionette
2018-05-28 16:03:57.176 plugin-container[3265:128844] *** CFMessagePort: bootstrap_register(): failed 1100 (0x44c) 'Permission denied', port = 0x7b3f, name = 'com.apple.tsm.portname'
See /usr/include/servers/bootstrap_defs.h for the error codes.
1527545038038	Marionette	INFO	Listening on port 55519
1527545038070	Marionette	WARN	TLS certificate errors will be ignored for this session
2018-05-28 16:03:59.890 plugin-container[3266:129003] *** CFMessagePort: bootstrap_register(): failed 1100 (0x44c) 'Permission denied', port = 0x7d43, name = 'com.apple.tsm.portname'
See /usr/include/servers/bootstrap_defs.h for the error codes.
JavaScript warning: https://www.googletagmanager.com/gtag/js?id=UA-100806632-3, line 69: unreachable code after return statement
JavaScript warning: https://www.googletagmanager.com/gtag/js?id=UA-100806632-3, line 69: unreachable code after return statement
JavaScript warning: https://www.googletagmanager.com/gtag/js?id=UA-100806632-3, line 69: unreachable code after return statement
JavaScript warning: https://www.googletagmanager.com/gtag/js?id=UA-100806632-3, line 69: unreachable code after return statement
1527545072968	geckodriver	INFO	geckodriver 0.20.1
1527545073042	geckodriver	INFO	Listening on 127.0.0.1:55667
1527545074009	mozrunner::runner	INFO	Running command: "/Applications/Firefox.app/Contents/MacOS/firefox-bin" "-marionette" "-profile" "/var/folders/yd/_r5zqd3n3vlbbw9hlxgsjt5m0000gn/T/rust_mozprofile.MpqrznSP9mbH"
1527545074862	Marionette	INFO	Enabled via --marionette
2018-05-28 16:04:36.137 plugin-container[3309:130003] *** CFMessagePort: bootstrap_register(): failed 1100 (0x44c) 'Permission denied', port = 0x7743, name = 'com.apple.tsm.portname'
See /usr/include/servers/bootstrap_defs.h for the error codes.
1527545076718	Marionette	INFO	Listening on port 55678
1527545076738	Marionette	WARN	TLS certificate errors will be ignored for this session
2018-05-28 16:04:37.445 plugin-container[3310:130089] *** CFMessagePort: bootstrap_register(): failed 1100 (0x44c) 'Permission denied', port = 0x8147, name = 'com.apple.tsm.portname'
See /usr/include/servers/bootstrap_defs.h for the error codes.
JavaScript warning: https://www.googletagmanager.com/gtag/js?id=UA-100806632-3, line 69: unreachable code after return statement
JavaScript warning: https://www.googletagmanager.com/gtag/js?id=UA-100806632-3, line 69: unreachable code after return statement
*** UTM:SVC TimerManager:registerTimer called after profile-before-change notification. Ignoring timer registration for id: telemetry_modules_ping
JavaScript warning: https://www.googletagmanager.com/gtag/js?id=UA-100806632-3, line 69: unreachable code after return statement
JavaScript warning: https://www.googletagmanager.com/gtag/js?id=UA-100806632-3, line 69: unreachable code after return statement
*** UTM:SVC TimerManager:registerTimer called after profile-before-change notification. Ignoring timer registration for id: telemetry_modules_ping
1527545121171	geckodriver	INFO	geckodriver 0.20.1
1527545121273	geckodriver	INFO	Listening on 127.0.0.1:55801
1527545122199	mozrunner::runner	INFO	Running command: "/Applications/Firefox.app/Contents/MacOS/firefox-bin" "-marionette" "-profile" "/var/folders/yd/_r5zqd3n3vlbbw9hlxgsjt5m0000gn/T/rust_mozprofile.PQxUdgVrBVv9"
1527545122960	Marionette	INFO	Enabled via --marionette
2018-05-28 16:05:24.257 plugin-container[3370:131520] *** CFMessagePort: bootstrap_register(): failed 1100 (0x44c) 'Permission denied', port = 0x803f, name = 'com.apple.tsm.portname'
See /usr/include/servers/bootstrap_defs.h for the error codes.
1527545124840	Marionette	INFO	Listening on port 55812
1527545124946	Marionette	WARN	TLS certificate errors will be ignored for this session
2018-05-28 16:05:26.599 plugin-container[3372:131599] *** CFMessagePort: bootstrap_register(): failed 1100 (0x44c) 'Permission denied', port = 0x8247, name = 'com.apple.tsm.portname'
See /usr/include/servers/bootstrap_defs.h for the error codes.
JavaScript warning: https://www.googletagmanager.com/gtag/js?id=UA-100806632-3, line 69: unreachable code after return statement
JavaScript warning: https://www.googletagmanager.com/gtag/js?id=UA-100806632-3, line 69: unreachable code after return statement
JavaScript warning: https://www.googletagmanager.com/gtag/js?id=UA-100806632-3, line 69: unreachable code after return statement
JavaScript warning: https://www.googletagmanager.com/gtag/js?id=UA-100806632-3, line 69: unreachable code after return statement
JavaScript warning: https://www.googletagmanager.com/gtag/js?id=UA-100806632-3, line 69: unreachable code after return statement
JavaScript warning: https://www.googletagmanager.com/gtag/js?id=UA-100806632-3, line 69: unreachable code after return statement
*** UTM:SVC TimerManager:registerTimer called after profile-before-change notification. Ignoring timer registration for id: telemetry_modules_ping
1527547272921	geckodriver	INFO	geckodriver 0.20.1
1527547273039	geckodriver	INFO	Listening on 127.0.0.1:56506
1527547273968	mozrunner::runner	INFO	Running command: "/Applications/Firefox.app/Contents/MacOS/firefox-bin" "-marionette" "-profile" "/var/folders/yd/_r5zqd3n3vlbbw9hlxgsjt5m0000gn/T/rust_mozprofile.FUFY6LIJ0Jff"
1527547274964	Marionette	INFO	Enabled via --marionette
2018-05-28 16:41:16.408 plugin-container[4917:176745] *** CFMessagePort: bootstrap_register(): failed 1100 (0x44c) 'Permission denied', port = 0x8807, name = 'com.apple.tsm.portname'
See /usr/include/servers/bootstrap_defs.h for the error codes.
1527547277208	Marionette	INFO	Listening on port 56517
1527547277324	Marionette	WARN	TLS certificate errors will be ignored for this session
2018-05-28 16:41:17.532 plugin-container[4919:176827] *** CFMessagePort: bootstrap_register(): failed 1100 (0x44c) 'Permission denied', port = 0x8a07, name = 'com.apple.tsm.portname'
See /usr/include/servers/bootstrap_defs.h for the error codes.
JavaScript warning: https://www.googletagmanager.com/gtag/js?id=UA-100806632-3, line 69: unreachable code after return statement
JavaScript warning: https://www.googletagmanager.com/gtag/js?id=UA-100806632-3, line 69: unreachable code after return statement
JavaScript warning: https://www.googletagmanager.com/gtag/js?id=UA-100806632-3, line 69: unreachable code after return statement
JavaScript warning: https://www.googletagmanager.com/gtag/js?id=UA-100806632-3, line 69: unreachable code after return statement
JavaScript warning: https://www.googletagmanager.com/gtag/js?id=UA-100806632-3, line 69: unreachable code after return statement
JavaScript warning: https://www.googletagmanager.com/gtag/js?id=UA-100806632-3, line 69: unreachable code after return statement
JavaScript warning: https://www.googletagmanager.com/gtag/js?id=UA-100806632-3, line 69: unreachable code after return statement
JavaScript warning: https://www.googletagmanager.com/gtag/js?id=UA-100806632-3, line 69: unreachable code after return statement
*** UTM:SVC TimerManager:registerTimer called after profile-before-change notification. Ignoring timer registration for id: telemetry_modules_ping
